{"C:\\Users\\92439\\Desktop\\js\\gitedu\\gitActs\\src\\components\\CurrentWeatherWidget.js": {"path":"C:\\Users\\92439\\Desktop\\js\\gitedu\\gitActs\\src\\components\\CurrentWeatherWidget.js","statementMap":{"0":{"start":{"line":3,"column":4},"end":{"line":3,"column":29}},"1":{"start":{"line":4,"column":4},"end":{"line":4,"column":40}},"2":{"start":{"line":5,"column":4},"end":{"line":5,"column":32}},"3":{"start":{"line":6,"column":4},"end":{"line":6,"column":42}},"4":{"start":{"line":7,"column":4},"end":{"line":7,"column":40}},"5":{"start":{"line":8,"column":4},"end":{"line":8,"column":32}},"6":{"start":{"line":9,"column":4},"end":{"line":9,"column":16}},"7":{"start":{"line":13,"column":4},"end":{"line":13,"column":63}},"8":{"start":{"line":14,"column":4},"end":{"line":14,"column":65}},"9":{"start":{"line":18,"column":4},"end":{"line":18,"column":64}},"10":{"start":{"line":19,"column":4},"end":{"line":19,"column":64}},"11":{"start":{"line":20,"column":4},"end":{"line":20,"column":75}},"12":{"start":{"line":21,"column":4},"end":{"line":21,"column":60}},"13":{"start":{"line":23,"column":4},"end":{"line":23,"column":53}},"14":{"start":{"line":27,"column":4},"end":{"line":27,"column":42}},"15":{"start":{"line":28,"column":4},"end":{"line":28,"column":27}}},"fnMap":{"0":{"name":"(anonymous_0)","decl":{"start":{"line":2,"column":2},"end":{"line":2,"column":3}},"loc":{"start":{"line":2,"column":34},"end":{"line":10,"column":3}},"line":2},"1":{"name":"(anonymous_1)","decl":{"start":{"line":12,"column":2},"end":{"line":12,"column":3}},"loc":{"start":{"line":12,"column":9},"end":{"line":15,"column":3}},"line":12},"2":{"name":"(anonymous_2)","decl":{"start":{"line":17,"column":2},"end":{"line":17,"column":3}},"loc":{"start":{"line":17,"column":22},"end":{"line":24,"column":3}},"line":17},"3":{"name":"(anonymous_3)","decl":{"start":{"line":26,"column":2},"end":{"line":26,"column":3}},"loc":{"start":{"line":26,"column":21},"end":{"line":29,"column":3}},"line":26}},"branchMap":{"0":{"loc":{"start":{"line":18,"column":34},"end":{"line":18,"column":63}},"type":"binary-expr","locations":[{"start":{"line":18,"column":34},"end":{"line":18,"column":50}},{"start":{"line":18,"column":54},"end":{"line":18,"column":63}}],"line":18}},"s":{"0":2,"1":2,"2":2,"3":2,"4":2,"5":2,"6":2,"7":2,"8":2,"9":1,"10":1,"11":1,"12":1,"13":1,"14":1,"15":1},"f":{"0":2,"1":2,"2":1,"3":1},"b":{"0":[1,0]},"_coverageSchema":"1a1c01bbd47fc00a2c39e90264f33305004495a9","hash":"cfdba8312a9f37ed1a35e53f9e184f33589e0828"}
,"C:\\Users\\92439\\Desktop\\js\\gitedu\\gitActs\\src\\components\\SearchWidget.js": {"path":"C:\\Users\\92439\\Desktop\\js\\gitedu\\gitActs\\src\\components\\SearchWidget.js","statementMap":{"0":{"start":{"line":3,"column":4},"end":{"line":3,"column":29}},"1":{"start":{"line":4,"column":4},"end":{"line":4,"column":48}},"2":{"start":{"line":5,"column":4},"end":{"line":5,"column":50}},"3":{"start":{"line":6,"column":4},"end":{"line":6,"column":16}},"4":{"start":{"line":10,"column":4},"end":{"line":10,"column":71}},"5":{"start":{"line":14,"column":4},"end":{"line":14,"column":27}},"6":{"start":{"line":15,"column":17},"end":{"line":15,"column":40}},"7":{"start":{"line":16,"column":4},"end":{"line":21,"column":5}},"8":{"start":{"line":17,"column":6},"end":{"line":17,"column":47}},"9":{"start":{"line":18,"column":6},"end":{"line":18,"column":28}},"10":{"start":{"line":20,"column":6},"end":{"line":20,"column":70}}},"fnMap":{"0":{"name":"(anonymous_0)","decl":{"start":{"line":2,"column":2},"end":{"line":2,"column":3}},"loc":{"start":{"line":2,"column":45},"end":{"line":7,"column":3}},"line":2},"1":{"name":"(anonymous_1)","decl":{"start":{"line":9,"column":2},"end":{"line":9,"column":3}},"loc":{"start":{"line":9,"column":9},"end":{"line":11,"column":3}},"line":9},"2":{"name":"(anonymous_2)","decl":{"start":{"line":13,"column":2},"end":{"line":13,"column":3}},"loc":{"start":{"line":13,"column":22},"end":{"line":22,"column":3}},"line":13}},"branchMap":{"0":{"loc":{"start":{"line":16,"column":4},"end":{"line":21,"column":5}},"type":"if","locations":[{"start":{"line":16,"column":4},"end":{"line":21,"column":5}},{"start":{"line":19,"column":11},"end":{"line":21,"column":5}}],"line":16}},"s":{"0":2,"1":2,"2":2,"3":2,"4":2,"5":2,"6":2,"7":2,"8":1,"9":1,"10":1},"f":{"0":2,"1":2,"2":2},"b":{"0":[1,1]},"_coverageSchema":"1a1c01bbd47fc00a2c39e90264f33305004495a9","hash":"2df5fd72b89dcbafcfb94de1e6900f242e6af938"}
,"C:\\Users\\92439\\Desktop\\js\\gitedu\\gitActs\\src\\core\\eventEmitter.js": {"path":"C:\\Users\\92439\\Desktop\\js\\gitedu\\gitActs\\src\\core\\eventEmitter.js","statementMap":{"0":{"start":{"line":3,"column":4},"end":{"line":3,"column":21}},"1":{"start":{"line":13,"column":4},"end":{"line":15,"column":5}},"2":{"start":{"line":14,"column":6},"end":{"line":14,"column":57}},"3":{"start":{"line":16,"column":4},"end":{"line":18,"column":5}},"4":{"start":{"line":17,"column":6},"end":{"line":17,"column":34}},"5":{"start":{"line":19,"column":4},"end":{"line":19,"column":42}},"6":{"start":{"line":20,"column":4},"end":{"line":20,"column":47}},"7":{"start":{"line":20,"column":17},"end":{"line":20,"column":46}},"8":{"start":{"line":29,"column":4},"end":{"line":29,"column":40}},"9":{"start":{"line":29,"column":33},"end":{"line":29,"column":40}},"10":{"start":{"line":30,"column":4},"end":{"line":30,"column":80}},"11":{"start":{"line":30,"column":64},"end":{"line":30,"column":78}},"12":{"start":{"line":39,"column":4},"end":{"line":39,"column":40}},"13":{"start":{"line":39,"column":33},"end":{"line":39,"column":40}},"14":{"start":{"line":41,"column":22},"end":{"line":41,"column":49}},"15":{"start":{"line":42,"column":4},"end":{"line":48,"column":7}},"16":{"start":{"line":43,"column":6},"end":{"line":47,"column":7}},"17":{"start":{"line":44,"column":8},"end":{"line":44,"column":26}},"18":{"start":{"line":46,"column":8},"end":{"line":46,"column":74}},"19":{"start":{"line":55,"column":4},"end":{"line":55,"column":21}}},"fnMap":{"0":{"name":"(anonymous_0)","decl":{"start":{"line":2,"column":2},"end":{"line":2,"column":3}},"loc":{"start":{"line":2,"column":16},"end":{"line":4,"column":3}},"line":2},"1":{"name":"(anonymous_1)","decl":{"start":{"line":12,"column":2},"end":{"line":12,"column":3}},"loc":{"start":{"line":12,"column":26},"end":{"line":21,"column":3}},"line":12},"2":{"name":"(anonymous_2)","decl":{"start":{"line":20,"column":11},"end":{"line":20,"column":12}},"loc":{"start":{"line":20,"column":17},"end":{"line":20,"column":46}},"line":20},"3":{"name":"(anonymous_3)","decl":{"start":{"line":28,"column":2},"end":{"line":28,"column":3}},"loc":{"start":{"line":28,"column":27},"end":{"line":31,"column":3}},"line":28},"4":{"name":"(anonymous_4)","decl":{"start":{"line":30,"column":59},"end":{"line":30,"column":60}},"loc":{"start":{"line":30,"column":64},"end":{"line":30,"column":78}},"line":30},"5":{"name":"(anonymous_5)","decl":{"start":{"line":38,"column":2},"end":{"line":38,"column":3}},"loc":{"start":{"line":38,"column":27},"end":{"line":49,"column":3}},"line":38},"6":{"name":"(anonymous_6)","decl":{"start":{"line":42,"column":22},"end":{"line":42,"column":23}},"loc":{"start":{"line":42,"column":34},"end":{"line":48,"column":5}},"line":42},"7":{"name":"(anonymous_7)","decl":{"start":{"line":54,"column":2},"end":{"line":54,"column":3}},"loc":{"start":{"line":54,"column":10},"end":{"line":56,"column":3}},"line":54}},"branchMap":{"0":{"loc":{"start":{"line":13,"column":4},"end":{"line":15,"column":5}},"type":"if","locations":[{"start":{"line":13,"column":4},"end":{"line":15,"column":5}},{"start":{},"end":{}}],"line":13},"1":{"loc":{"start":{"line":16,"column":4},"end":{"line":18,"column":5}},"type":"if","locations":[{"start":{"line":16,"column":4},"end":{"line":18,"column":5}},{"start":{},"end":{}}],"line":16},"2":{"loc":{"start":{"line":29,"column":4},"end":{"line":29,"column":40}},"type":"if","locations":[{"start":{"line":29,"column":4},"end":{"line":29,"column":40}},{"start":{},"end":{}}],"line":29},"3":{"loc":{"start":{"line":39,"column":4},"end":{"line":39,"column":40}},"type":"if","locations":[{"start":{"line":39,"column":4},"end":{"line":39,"column":40}},{"start":{},"end":{}}],"line":39}},"s":{"0":14,"1":16,"2":1,"3":15,"4":12,"5":15,"6":15,"7":1,"8":4,"9":0,"10":4,"11":5,"12":14,"13":4,"14":10,"15":10,"16":9,"17":9,"18":1,"19":1},"f":{"0":14,"1":16,"2":1,"3":4,"4":5,"5":14,"6":9,"7":1},"b":{"0":[1,15],"1":[12,3],"2":[0,4],"3":[4,10]},"_coverageSchema":"1a1c01bbd47fc00a2c39e90264f33305004495a9","hash":"2140a0709f6ee9e06d322097743ef0113be5b711"}
,"C:\\Users\\92439\\Desktop\\js\\gitedu\\gitActs\\src\\services\\locationService.js": {"path":"C:\\Users\\92439\\Desktop\\js\\gitedu\\gitActs\\src\\services\\locationService.js","statementMap":{"0":{"start":{"line":10,"column":4},"end":{"line":48,"column":7}},"1":{"start":{"line":11,"column":6},"end":{"line":14,"column":7}},"2":{"start":{"line":12,"column":8},"end":{"line":12,"column":74}},"3":{"start":{"line":13,"column":8},"end":{"line":13,"column":15}},"4":{"start":{"line":16,"column":29},"end":{"line":20,"column":7}},"5":{"start":{"line":22,"column":6},"end":{"line":47,"column":8}},"6":{"start":{"line":24,"column":10},"end":{"line":27,"column":13}},"7":{"start":{"line":30,"column":24},"end":{"line":30,"column":48}},"8":{"start":{"line":31,"column":10},"end":{"line":43,"column":11}},"9":{"start":{"line":35,"column":14},"end":{"line":35,"column":49}},"10":{"start":{"line":36,"column":14},"end":{"line":36,"column":20}},"11":{"start":{"line":38,"column":14},"end":{"line":38,"column":59}},"12":{"start":{"line":39,"column":14},"end":{"line":39,"column":20}},"13":{"start":{"line":41,"column":14},"end":{"line":41,"column":53}},"14":{"start":{"line":42,"column":14},"end":{"line":42,"column":20}},"15":{"start":{"line":44,"column":10},"end":{"line":44,"column":37}}},"fnMap":{"0":{"name":"(anonymous_0)","decl":{"start":{"line":9,"column":2},"end":{"line":9,"column":3}},"loc":{"start":{"line":9,"column":35},"end":{"line":49,"column":3}},"line":9},"1":{"name":"(anonymous_1)","decl":{"start":{"line":10,"column":23},"end":{"line":10,"column":24}},"loc":{"start":{"line":10,"column":44},"end":{"line":48,"column":5}},"line":10},"2":{"name":"(anonymous_2)","decl":{"start":{"line":23,"column":8},"end":{"line":23,"column":9}},"loc":{"start":{"line":23,"column":22},"end":{"line":28,"column":9}},"line":23},"3":{"name":"(anonymous_3)","decl":{"start":{"line":29,"column":8},"end":{"line":29,"column":9}},"loc":{"start":{"line":29,"column":19},"end":{"line":45,"column":9}},"line":29}},"branchMap":{"0":{"loc":{"start":{"line":9,"column":21},"end":{"line":9,"column":33}},"type":"default-arg","locations":[{"start":{"line":9,"column":31},"end":{"line":9,"column":33}}],"line":9},"1":{"loc":{"start":{"line":11,"column":6},"end":{"line":14,"column":7}},"type":"if","locations":[{"start":{"line":11,"column":6},"end":{"line":14,"column":7}},{"start":{},"end":{}}],"line":11},"2":{"loc":{"start":{"line":31,"column":10},"end":{"line":43,"column":11}},"type":"switch","locations":[{"start":{"line":34,"column":12},"end":{"line":36,"column":20}},{"start":{"line":37,"column":12},"end":{"line":39,"column":20}},{"start":{"line":40,"column":12},"end":{"line":42,"column":20}}],"line":31}},"s":{"0":6,"1":6,"2":1,"3":1,"4":5,"5":5,"6":1,"7":4,"8":4,"9":2,"10":2,"11":1,"12":1,"13":1,"14":1,"15":4},"f":{"0":6,"1":6,"2":1,"3":4},"b":{"0":[6],"1":[1,5],"2":[2,1,1]},"_coverageSchema":"1a1c01bbd47fc00a2c39e90264f33305004495a9","hash":"8048bf16e6cd65e7973f5ed4e28198cb9cd6855e"}
,"C:\\Users\\92439\\Desktop\\js\\gitedu\\gitActs\\src\\services\\storageService.js": {"path":"C:\\Users\\92439\\Desktop\\js\\gitedu\\gitActs\\src\\services\\storageService.js","statementMap":{"0":{"start":{"line":3,"column":21},"end":{"line":5,"column":1}},"1":{"start":{"line":13,"column":4},"end":{"line":13,"column":22}},"2":{"start":{"line":13,"column":15},"end":{"line":13,"column":22}},"3":{"start":{"line":14,"column":4},"end":{"line":14,"column":55}},"4":{"start":{"line":22,"column":4},"end":{"line":22,"column":64}},"5":{"start":{"line":29,"column":4},"end":{"line":29,"column":52}}},"fnMap":{"0":{"name":"(anonymous_0)","decl":{"start":{"line":12,"column":2},"end":{"line":12,"column":3}},"loc":{"start":{"line":12,"column":21},"end":{"line":15,"column":3}},"line":12},"1":{"name":"(anonymous_1)","decl":{"start":{"line":21,"column":2},"end":{"line":21,"column":3}},"loc":{"start":{"line":21,"column":16},"end":{"line":23,"column":3}},"line":21},"2":{"name":"(anonymous_2)","decl":{"start":{"line":28,"column":2},"end":{"line":28,"column":3}},"loc":{"start":{"line":28,"column":18},"end":{"line":30,"column":3}},"line":28}},"branchMap":{"0":{"loc":{"start":{"line":13,"column":4},"end":{"line":13,"column":22}},"type":"if","locations":[{"start":{"line":13,"column":4},"end":{"line":13,"column":22}},{"start":{},"end":{}}],"line":13},"1":{"loc":{"start":{"line":22,"column":11},"end":{"line":22,"column":63}},"type":"binary-expr","locations":[{"start":{"line":22,"column":11},"end":{"line":22,"column":55}},{"start":{"line":22,"column":59},"end":{"line":22,"column":63}}],"line":22}},"s":{"0":1,"1":3,"2":2,"3":1,"4":1,"5":1},"f":{"0":3,"1":1,"2":1},"b":{"0":[2,1],"1":[1,0]},"_coverageSchema":"1a1c01bbd47fc00a2c39e90264f33305004495a9","hash":"495ef466ba9fc374b6471782b388092ee96bc128"}
,"C:\\Users\\92439\\Desktop\\js\\gitedu\\gitActs\\src\\services\\weatherService.js": {"path":"C:\\Users\\92439\\Desktop\\js\\gitedu\\gitActs\\src\\services\\weatherService.js","statementMap":{"0":{"start":{"line":3,"column":16},"end":{"line":3,"column":50}},"1":{"start":{"line":4,"column":17},"end":{"line":4,"column":58}},"2":{"start":{"line":8,"column":4},"end":{"line":8,"column":25}},"3":{"start":{"line":17,"column":4},"end":{"line":17,"column":56}},"4":{"start":{"line":17,"column":15},"end":{"line":17,"column":56}},"5":{"start":{"line":19,"column":16},"end":{"line":19,"column":101}},"6":{"start":{"line":20,"column":21},"end":{"line":20,"column":37}},"7":{"start":{"line":22,"column":4},"end":{"line":25,"column":5}},"8":{"start":{"line":23,"column":24},"end":{"line":23,"column":63}},"9":{"start":{"line":23,"column":59},"end":{"line":23,"column":61}},"10":{"start":{"line":24,"column":6},"end":{"line":24,"column":76}},"11":{"start":{"line":27,"column":17},"end":{"line":27,"column":38}},"12":{"start":{"line":28,"column":4},"end":{"line":28,"column":47}},"13":{"start":{"line":38,"column":4},"end":{"line":38,"column":91}},"14":{"start":{"line":38,"column":36},"end":{"line":38,"column":91}},"15":{"start":{"line":40,"column":16},"end":{"line":40,"column":93}},"16":{"start":{"line":41,"column":21},"end":{"line":41,"column":37}},"17":{"start":{"line":43,"column":4},"end":{"line":46,"column":5}},"18":{"start":{"line":44,"column":24},"end":{"line":44,"column":63}},"19":{"start":{"line":44,"column":59},"end":{"line":44,"column":61}},"20":{"start":{"line":45,"column":6},"end":{"line":45,"column":76}},"21":{"start":{"line":48,"column":17},"end":{"line":48,"column":38}},"22":{"start":{"line":49,"column":4},"end":{"line":49,"column":47}},"23":{"start":{"line":57,"column":4},"end":{"line":68,"column":6}}},"fnMap":{"0":{"name":"(anonymous_0)","decl":{"start":{"line":7,"column":2},"end":{"line":7,"column":3}},"loc":{"start":{"line":7,"column":22},"end":{"line":9,"column":3}},"line":7},"1":{"name":"(anonymous_1)","decl":{"start":{"line":16,"column":2},"end":{"line":16,"column":3}},"loc":{"start":{"line":16,"column":38},"end":{"line":29,"column":3}},"line":16},"2":{"name":"(anonymous_2)","decl":{"start":{"line":23,"column":52},"end":{"line":23,"column":53}},"loc":{"start":{"line":23,"column":59},"end":{"line":23,"column":61}},"line":23},"3":{"name":"(anonymous_3)","decl":{"start":{"line":37,"column":2},"end":{"line":37,"column":3}},"loc":{"start":{"line":37,"column":44},"end":{"line":50,"column":3}},"line":37},"4":{"name":"(anonymous_4)","decl":{"start":{"line":44,"column":52},"end":{"line":44,"column":53}},"loc":{"start":{"line":44,"column":59},"end":{"line":44,"column":61}},"line":44},"5":{"name":"(anonymous_5)","decl":{"start":{"line":56,"column":2},"end":{"line":56,"column":3}},"loc":{"start":{"line":56,"column":33},"end":{"line":69,"column":3}},"line":56}},"branchMap":{"0":{"loc":{"start":{"line":17,"column":4},"end":{"line":17,"column":56}},"type":"if","locations":[{"start":{"line":17,"column":4},"end":{"line":17,"column":56}},{"start":{},"end":{}}],"line":17},"1":{"loc":{"start":{"line":22,"column":4},"end":{"line":25,"column":5}},"type":"if","locations":[{"start":{"line":22,"column":4},"end":{"line":25,"column":5}},{"start":{},"end":{}}],"line":22},"2":{"loc":{"start":{"line":24,"column":22},"end":{"line":24,"column":74}},"type":"binary-expr","locations":[{"start":{"line":24,"column":22},"end":{"line":24,"column":39}},{"start":{"line":24,"column":43},"end":{"line":24,"column":74}}],"line":24},"3":{"loc":{"start":{"line":38,"column":4},"end":{"line":38,"column":91}},"type":"if","locations":[{"start":{"line":38,"column":4},"end":{"line":38,"column":91}},{"start":{},"end":{}}],"line":38},"4":{"loc":{"start":{"line":38,"column":8},"end":{"line":38,"column":34}},"type":"binary-expr","locations":[{"start":{"line":38,"column":8},"end":{"line":38,"column":19}},{"start":{"line":38,"column":23},"end":{"line":38,"column":34}}],"line":38},"5":{"loc":{"start":{"line":43,"column":4},"end":{"line":46,"column":5}},"type":"if","locations":[{"start":{"line":43,"column":4},"end":{"line":46,"column":5}},{"start":{},"end":{}}],"line":43},"6":{"loc":{"start":{"line":45,"column":22},"end":{"line":45,"column":74}},"type":"binary-expr","locations":[{"start":{"line":45,"column":22},"end":{"line":45,"column":39}},{"start":{"line":45,"column":43},"end":{"line":45,"column":74}}],"line":45}},"s":{"0":1,"1":1,"2":1,"3":7,"4":2,"5":5,"6":5,"7":4,"8":3,"9":0,"10":3,"11":1,"12":1,"13":3,"14":2,"15":1,"16":1,"17":1,"18":1,"19":0,"20":1,"21":0,"22":0,"23":1},"f":{"0":1,"1":7,"2":0,"3":3,"4":0,"5":1},"b":{"0":[2,5],"1":[3,1],"2":[3,1],"3":[2,1],"4":[3,2],"5":[1,0],"6":[1,0]},"_coverageSchema":"1a1c01bbd47fc00a2c39e90264f33305004495a9","hash":"7ebda30e165b2680f2b861f7772c22fd5abca08a"}
}
