TN:
SF:src\components\CurrentWeatherWidget.js
FN:2,(anonymous_0)
FN:12,(anonymous_1)
FN:17,(anonymous_2)
FN:26,(anonymous_3)
FNF:4
FNH:4
FNDA:2,(anonymous_0)
FNDA:2,(anonymous_1)
FNDA:1,(anonymous_2)
FNDA:1,(anonymous_3)
DA:3,2
DA:4,2
DA:5,2
DA:6,2
DA:7,2
DA:8,2
DA:9,2
DA:13,2
DA:14,2
DA:18,1
DA:19,1
DA:20,1
DA:21,1
DA:23,1
DA:27,1
DA:28,1
LF:16
LH:16
BRDA:18,0,0,1
BRDA:18,0,1,0
BRF:2
BRH:1
end_of_record
TN:
SF:src\components\SearchWidget.js
FN:2,(anonymous_0)
FN:9,(anonymous_1)
FN:13,(anonymous_2)
FNF:3
FNH:3
FNDA:2,(anonymous_0)
FNDA:2,(anonymous_1)
FNDA:2,(anonymous_2)
DA:3,2
DA:4,2
DA:5,2
DA:6,2
DA:10,2
DA:14,2
DA:15,2
DA:16,2
DA:17,1
DA:18,1
DA:20,1
LF:11
LH:11
BRDA:16,0,0,1
BRDA:16,0,1,1
BRF:2
BRH:2
end_of_record
TN:
SF:src\core\eventEmitter.js
FN:2,(anonymous_0)
FN:12,(anonymous_1)
FN:20,(anonymous_2)
FN:28,(anonymous_3)
FN:30,(anonymous_4)
FN:38,(anonymous_5)
FN:42,(anonymous_6)
FN:54,(anonymous_7)
FNF:8
FNH:8
FNDA:14,(anonymous_0)
FNDA:16,(anonymous_1)
FNDA:1,(anonymous_2)
FNDA:4,(anonymous_3)
FNDA:5,(anonymous_4)
FNDA:14,(anonymous_5)
FNDA:9,(anonymous_6)
FNDA:1,(anonymous_7)
DA:3,14
DA:13,16
DA:14,1
DA:16,15
DA:17,12
DA:19,15
DA:20,15
DA:29,4
DA:30,5
DA:39,14
DA:41,10
DA:42,10
DA:43,9
DA:44,9
DA:46,1
DA:55,1
LF:16
LH:16
BRDA:13,0,0,1
BRDA:13,0,1,15
BRDA:16,1,0,12
BRDA:16,1,1,3
BRDA:29,2,0,0
BRDA:29,2,1,4
BRDA:39,3,0,4
BRDA:39,3,1,10
BRF:8
BRH:7
end_of_record
TN:
SF:src\services\locationService.js
FN:9,(anonymous_0)
FN:10,(anonymous_1)
FN:23,(anonymous_2)
FN:29,(anonymous_3)
FNF:4
FNH:4
FNDA:6,(anonymous_0)
FNDA:6,(anonymous_1)
FNDA:1,(anonymous_2)
FNDA:4,(anonymous_3)
DA:10,6
DA:11,6
DA:12,1
DA:13,1
DA:16,5
DA:22,5
DA:24,1
DA:30,4
DA:31,4
DA:35,2
DA:36,2
DA:38,1
DA:39,1
DA:41,1
DA:42,1
DA:44,4
LF:16
LH:16
BRDA:9,0,0,6
BRDA:11,1,0,1
BRDA:11,1,1,5
BRDA:31,2,0,2
BRDA:31,2,1,1
BRDA:31,2,2,1
BRF:6
BRH:6
end_of_record
TN:
SF:src\services\storageService.js
FN:12,(anonymous_0)
FN:21,(anonymous_1)
FN:28,(anonymous_2)
FNF:3
FNH:3
FNDA:3,(anonymous_0)
FNDA:1,(anonymous_1)
FNDA:1,(anonymous_2)
DA:3,1
DA:13,3
DA:14,1
DA:22,1
DA:29,1
LF:5
LH:5
BRDA:13,0,0,2
BRDA:13,0,1,1
BRDA:22,1,0,1
BRDA:22,1,1,0
BRF:4
BRH:3
end_of_record
TN:
SF:src\services\weatherService.js
FN:7,(anonymous_0)
FN:16,(anonymous_1)
FN:23,(anonymous_2)
FN:37,(anonymous_3)
FN:44,(anonymous_4)
FN:56,(anonymous_5)
FNF:6
FNH:4
FNDA:1,(anonymous_0)
FNDA:7,(anonymous_1)
FNDA:0,(anonymous_2)
FNDA:3,(anonymous_3)
FNDA:0,(anonymous_4)
FNDA:1,(anonymous_5)
DA:3,1
DA:4,1
DA:8,1
DA:17,7
DA:19,5
DA:20,5
DA:22,4
DA:23,3
DA:24,3
DA:27,1
DA:28,1
DA:38,3
DA:40,1
DA:41,1
DA:43,1
DA:44,1
DA:45,1
DA:48,0
DA:49,0
DA:57,1
LF:20
LH:18
BRDA:17,0,0,2
BRDA:17,0,1,5
BRDA:22,1,0,3
BRDA:22,1,1,1
BRDA:24,2,0,3
BRDA:24,2,1,1
BRDA:38,3,0,2
BRDA:38,3,1,1
BRDA:38,4,0,3
BRDA:38,4,1,2
BRDA:43,5,0,1
BRDA:43,5,1,0
BRDA:45,6,0,1
BRDA:45,6,1,0
BRF:14
BRH:12
end_of_record
